0 info it worked if it ends with ok
1 verbose cli [ 'C:\\Program Files\\nodejs\\node.exe',
1 verbose cli   'C:\\Users\\Admin\\AppData\\Roaming\\npm\\node_modules\\npm\\bin\\npm-cli.js',
1 verbose cli   'start' ]
2 info using npm@3.10.9
3 info using node@v6.9.4
4 verbose run-script [ 'prestart', 'start', 'poststart' ]
5 info lifecycle telcalm@1.1.1~prestart: telcalm@1.1.1
6 silly lifecycle telcalm@1.1.1~prestart: no script for prestart, continuing
7 info lifecycle telcalm@1.1.1~start: telcalm@1.1.1
8 verbose lifecycle telcalm@1.1.1~start: unsafe-perm in lifecycle true
9 verbose lifecycle telcalm@1.1.1~start: PATH: C:\Users\Admin\AppData\Roaming\npm\node_modules\npm\bin\node-gyp-bin;C:\Users\Admin\Desktop\telCalm\node_modules\.bin;C:\Python27\;C:\Python27\Scripts;C:\ProgramData\Oracle\Java\javapath;C:\WINDOWS\system32;C:\WINDOWS;C:\WINDOWS\System32\Wbem;C:\WINDOWS\System32\WindowsPowerShell\v1.0\;C:\Program Files (x86)\Git\cmd;C:\Program Files\Amazon\AWSCLI\;C:\Program Files\Java\jre1.8.0_102\openssl\bin;C:\Program Files (x86)\Heroku\bin;C:\ProgramData\chocolatey\bin;C:\Program Files\nodejs\;C:\Program Files (x86)\Skype\Phone\;C:\Program Files (x86)\sbt\bin;C:\Program Files (x86)\Yarn\bin;C:\Users\Admin\scoop\shims;D:\sdk\platform-tools;D:\sdk\tools;D:\sdk;C:\Program Files\Amazon\AWSCLI;C:\Program Files\Java\jre1.8.0_102\openssl\bin;C:\Users\Admin\AppData\Local\Microsoft\WindowsApps;C:\Users\Admin\AppData\Roaming\npm;C:\Program Files (x86)\Microsoft VS Code Insiders\bin;D:\Java\activator-dist-1.3.12\bin;C:\Users\Admin\AppData\Local\Yarn\bin
10 verbose lifecycle telcalm@1.1.1~start: CWD: C:\Users\Admin\Desktop\telCalm
11 silly lifecycle telcalm@1.1.1~start: Args: [ '/d /s /c', 'node server.js' ]
12 silly lifecycle telcalm@1.1.1~start: Returned: code: 3221225786  signal: null
13 info lifecycle telcalm@1.1.1~start: Failed to exec start script
14 verbose stack Error: telcalm@1.1.1 start: `node server.js`
14 verbose stack Exit status 3221225786
14 verbose stack     at EventEmitter.<anonymous> (C:\Users\Admin\AppData\Roaming\npm\node_modules\npm\lib\utils\lifecycle.js:255:16)
14 verbose stack     at emitTwo (events.js:106:13)
14 verbose stack     at EventEmitter.emit (events.js:191:7)
14 verbose stack     at ChildProcess.<anonymous> (C:\Users\Admin\AppData\Roaming\npm\node_modules\npm\lib\utils\spawn.js:40:14)
14 verbose stack     at emitTwo (events.js:106:13)
14 verbose stack     at ChildProcess.emit (events.js:191:7)
14 verbose stack     at maybeClose (internal/child_process.js:877:16)
14 verbose stack     at Process.ChildProcess._handle.onexit (internal/child_process.js:226:5)
15 verbose pkgid telcalm@1.1.1
16 verbose cwd C:\Users\Admin\Desktop\telCalm
17 error Windows_NT 10.0.14393
18 error argv "C:\\Program Files\\nodejs\\node.exe" "C:\\Users\\Admin\\AppData\\Roaming\\npm\\node_modules\\npm\\bin\\npm-cli.js" "start"
19 error node v6.9.4
20 error npm  v3.10.9
21 error code ELIFECYCLE
22 error telcalm@1.1.1 start: `node server.js`
22 error Exit status 3221225786
23 error Failed at the telcalm@1.1.1 start script 'node server.js'.
23 error Make sure you have the latest version of node.js and npm installed.
23 error If you do, this is most likely a problem with the telcalm package,
23 error not with npm itself.
23 error Tell the author that this fails on your system:
23 error     node server.js
23 error You can get information on how to open an issue for this project with:
23 error     npm bugs telcalm
23 error Or if that isn't available, you can get their info via:
23 error     npm owner ls telcalm
23 error There is likely additional logging output above.
24 verbose exit [ 1, true ]
